<?xml version="1.0" encoding="UTF-8"?>
<!-- Generated by org.testng.reporters.JUnitXMLReporter -->
<testsuite ignored="0" hostname="sneha-pc" failures="0" tests="4" name="FunctionalTestCases" time="60.004" errors="0" timestamp="2025-08-25T10:05:49 IST">
  <testcase classname="com.wipro.testng.MultipleTestNG" name="radiobuttons" time="15.896"/>
  <testcase classname="com.wipro.testng.MultipleTestNG" name="testdragdrop" time="8.808"/>
  <testcase classname="com.wipro.testng.MultipleTestNG" name="testcheckbox" time="12.688"/>
  <testcase classname="com.wipro.testng.MultipleTestNG" name="testalerts" time="22.528"/>
</testsuite> <!-- FunctionalTestCases -->
