<?xml version="1.0" encoding="UTF-8"?>
<!-- Generated by org.testng.reporters.JUnitXMLReporter -->
<testsuite ignored="3" hostname="sneha-pc" failures="0" tests="3" name="functionaltestcases" time="46.1" errors="0" timestamp="2025-08-19T16:01:52 IST">
  <testcase classname="com.wipro.labsesssion_18testng.Labassignment4" name="positiveLoginTest" time="19.749"/>
  <testcase classname="com.wipro.labsesssion_18testng.Labassignment4" name="negativeUsernameTest" time="13.617"/>
  <testcase classname="com.wipro.labsesssion_18testng.Labassignment4" name="negativePasswordTest" time="12.64"/>
  <testcase classname="com.wipro.labsesssion_18testng.Labassignment4" name="testcase2" time="0.0">
    <ignored/>
  </testcase> <!-- testcase2 -->
  <testcase classname="com.wipro.labsesssion_18testng.Labassignment4" name="testcase3" time="0.0">
    <ignored/>
  </testcase> <!-- testcase3 -->
  <testcase classname="com.wipro.labsesssion_18testng.Labassignment4" name="testcase1" time="0.0">
    <ignored/>
  </testcase> <!-- testcase1 -->
</testsuite> <!-- functionaltestcases -->
