<?xml version="1.0" encoding="UTF-8"?>
<!-- Generated by org.testng.reporters.JUnitXMLReporter -->
<testsuite ignored="6" hostname="sneha-pc" failures="0" tests="2" name="sanitytests" time="0.063" errors="0" timestamp="2025-08-16T17:22:38 IST">
  <testcase classname="com.wipro.labsession_16.TestNGTescases" name="loginTest" time="0.01"/>
  <testcase classname="com.wipro.labsession_16.TestNGTescases" name="payoutTest" time="0.003"/>
  <testcase classname="com.wipro.testng.TestNGTestcases" name="testcase1" time="0.0">
    <ignored/>
  </testcase> <!-- testcase1 -->
  <testcase classname="com.wipro.testng.launchbrowser" name="launchingbrowser" time="0.0">
    <ignored/>
  </testcase> <!-- launchingbrowser -->
  <testcase classname="com.wipro.testng.TestNGTestcases" name="testcase3" time="0.0">
    <ignored/>
  </testcase> <!-- testcase3 -->
  <testcase classname="com.wipro.labsession_16.TestNGTescases" name="paymentTest" time="0.0">
    <ignored/>
  </testcase> <!-- paymentTest -->
  <testcase classname="com.wipro.testng.TestNGTestcases" name="testcase2" time="0.0">
    <ignored/>
  </testcase> <!-- testcase2 -->
  <testcase classname="com.wipro.testng.TestNGTestcases" name="testcase4" time="0.0">
    <ignored/>
  </testcase> <!-- testcase4 -->
</testsuite> <!-- sanitytests -->
