<?xml version="1.0" encoding="UTF-8"?>
<!-- Generated by org.testng.reporters.JUnitXMLReporter -->
<testsuite ignored="9" hostname="sneha-pc" failures="0" tests="2" name="smoketests" time="0.067" errors="0" timestamp="2025-08-18T13:35:28 IST">
  <testcase classname="com.wipro.labsession_16.TestNGTescases" name="loginTest" time="0.017"/>
  <testcase classname="com.wipro.labsession_16.TestNGTescases" name="payoutTest" time="0.002"/>
  <testcase classname="com.wipro.testng.TestNGdependency" name="testcheckbox" time="0.0">
    <ignored/>
  </testcase> <!-- testcheckbox -->
  <testcase classname="com.wipro.labsession_16.TestNGTescases" name="paymentTest" time="0.0">
    <ignored/>
  </testcase> <!-- paymentTest -->
  <testcase classname="com.wipro.testng.TestNGdependency" name="login" time="0.0">
    <ignored/>
  </testcase> <!-- login -->
  <testcase classname="com.wipro.testng.TestNGparameterization" name="testparameters" time="0.0">
    <ignored/>
  </testcase> <!-- testparameters -->
  <testcase classname="com.wipro.testng.TestNGTestcases" name="testcase1" time="0.0">
    <ignored/>
  </testcase> <!-- testcase1 -->
  <testcase classname="com.wipro.testng.TestNGTestcases" name="testcase2" time="0.0">
    <ignored/>
  </testcase> <!-- testcase2 -->
  <testcase classname="com.wipro.testng.TestNGTestcases" name="testcase3" time="0.0">
    <ignored/>
  </testcase> <!-- testcase3 -->
  <testcase classname="com.wipro.testng.TestNGTestcases" name="testcase4" time="0.0">
    <ignored/>
  </testcase> <!-- testcase4 -->
  <testcase classname="com.wipro.testng.launchbrowser" name="launchingbrowser" time="0.0">
    <ignored/>
  </testcase> <!-- launchingbrowser -->
</testsuite> <!-- smoketests -->
