<?xml version="1.0" encoding="UTF-8"?>
<!-- Generated by org.testng.reporters.JUnitXMLReporter -->
<testsuite ignored="2" hostname="sneha-pc" failures="0" tests="6" name="smoke and regression testings" time="0.137" errors="0" timestamp="2025-08-16T17:35:37 IST">
  <testcase classname="com.wipro.testng.TestNGTestcases" name="testcase1" time="0.014"/>
  <testcase classname="com.wipro.testng.TestNGTestcases" name="testcase2" time="0.003"/>
  <testcase classname="com.wipro.testng.TestNGTestcases" name="testcase4" time="0.004"/>
  <testcase classname="com.wipro.labsession_16.TestNGTescases" name="loginTest" time="0.002"/>
  <testcase classname="com.wipro.labsession_16.TestNGTescases" name="paymentTest" time="0.004"/>
  <testcase classname="com.wipro.labsession_16.TestNGTescases" name="payoutTest" time="0.002"/>
  <testcase classname="com.wipro.testng.launchbrowser" name="launchingbrowser" time="0.0">
    <ignored/>
  </testcase> <!-- launchingbrowser -->
  <testcase classname="com.wipro.testng.TestNGTestcases" name="testcase3" time="0.0">
    <ignored/>
  </testcase> <!-- testcase3 -->
</testsuite> <!-- smoke and regression testings -->
