<?xml version="1.0" encoding="UTF-8"?>
<testng-results ignored="0" total="4" passed="4" failed="0" skipped="0">
  <reporter-output>
  </reporter-output>
  <suite started-at="2025-08-25T10:04:49 IST" name="Functional" finished-at="2025-08-25T10:05:49 IST" duration-ms="60004">
    <groups>
    </groups>
    <test started-at="2025-08-25T10:04:49 IST" name="FunctionalTestCases" finished-at="2025-08-25T10:05:49 IST" duration-ms="60004">
      <class name="com.wipro.testng.MultipleTestNG">
        <test-method signature="radiobuttons()[pri:0, instance:com.wipro.testng.MultipleTestNG@131ef10]" started-at="2025-08-25T10:04:49 IST" name="radiobuttons" finished-at="2025-08-25T10:05:05 IST" duration-ms="15896" status="PASS">
          <reporter-output>
          </reporter-output>
        </test-method> <!-- radiobuttons -->
        <test-method signature="testdragdrop()[pri:0, instance:com.wipro.testng.MultipleTestNG@131ef10]" started-at="2025-08-25T10:05:05 IST" name="testdragdrop" finished-at="2025-08-25T10:05:14 IST" duration-ms="8808" status="PASS">
          <reporter-output>
          </reporter-output>
        </test-method> <!-- testdragdrop -->
        <test-method signature="testcheckbox()[pri:1, instance:com.wipro.testng.MultipleTestNG@131ef10]" started-at="2025-08-25T10:05:14 IST" name="testcheckbox" finished-at="2025-08-25T10:05:27 IST" duration-ms="12688" status="PASS">
          <reporter-output>
          </reporter-output>
        </test-method> <!-- testcheckbox -->
        <test-method signature="testalerts()[pri:2, instance:com.wipro.testng.MultipleTestNG@131ef10]" started-at="2025-08-25T10:05:27 IST" name="testalerts" finished-at="2025-08-25T10:05:49 IST" duration-ms="22528" status="PASS">
          <reporter-output>
          </reporter-output>
        </test-method> <!-- testalerts -->
      </class> <!-- com.wipro.testng.MultipleTestNG -->
    </test> <!-- FunctionalTestCases -->
  </suite> <!-- Functional -->
</testng-results>
